Beginning of log
################

NO LOG FILE! - setting up server logging...
[2020-08-14 18:25:25 INFO] Starting Server
[2020-08-14 18:25:25 INFO] Version 1.16.20.3
[2020-08-14 18:25:25 INFO] Session ID cafa4297-c5dc-4e4f-ac6f-511f64525311
[2020-08-14 18:25:25 INFO] Level Name: Sqad Survival
[2020-08-14 18:25:25 INFO] Game mode: 0 Survival
[2020-08-14 18:25:25 INFO] Difficulty: 3 HARD
[2020-08-14 18:25:25 INFO] opening worlds/Sqad Survival/db
[2020-08-14 18:25:26 INFO] IPv4 supported, port: 19134
[2020-08-14 18:25:26 INFO] IPv6 supported, port: 19135
[2020-08-14 18:25:26 INFO] IPv4 supported, port: 19132
[2020-08-14 18:25:26 INFO] IPv6 supported, port: 19133
[2020-08-14 18:25:26 INFO] Server started.
[2020-08-14 20:00:27 INFO] Player connected: Platinum49, xuid: 2535410307157767
[2020-08-14 20:11:32 INFO] Running AutoCompaction...
[2020-08-14 20:21:20 INFO] Running AutoCompaction...
[2020-08-14 20:28:37 INFO] Running AutoCompaction...
[2020-08-14 21:29:22 INFO] Player disconnected: Platinum49, xuid: 2535410307157767
[2020-08-14 21:35:19 INFO] Running AutoCompaction...
[2020-08-14 21:41:19 INFO] Running AutoCompaction...
[2020-08-14 21:47:19 INFO] Running AutoCompaction...
[2020-08-14 21:53:19 INFO] Running AutoCompaction...
[2020-08-14 21:59:19 INFO] Running AutoCompaction...
[2020-08-14 22:05:19 INFO] Running AutoCompaction...
[2020-08-14 22:11:19 INFO] Running AutoCompaction...
[2020-08-14 22:17:19 INFO] Running AutoCompaction...
[2020-08-14 22:23:20 INFO] Running AutoCompaction...
[2020-08-14 22:29:20 INFO] Running AutoCompaction...
[2020-08-14 22:35:20 INFO] Running AutoCompaction...
[2020-08-14 22:41:20 INFO] Running AutoCompaction...
[2020-08-14 22:47:20 INFO] Running AutoCompaction...
[2020-08-14 22:53:20 INFO] Running AutoCompaction...
[2020-08-14 22:59:20 INFO] Running AutoCompaction...
[2020-08-14 23:05:20 INFO] Running AutoCompaction...
[2020-08-14 23:11:20 INFO] Running AutoCompaction...
[2020-08-14 23:17:20 INFO] Running AutoCompaction...
[2020-08-14 23:23:20 INFO] Running AutoCompaction...
[2020-08-14 23:29:20 INFO] Running AutoCompaction...
[2020-08-14 23:35:20 INFO] Running AutoCompaction...
[2020-08-14 23:41:20 INFO] Running AutoCompaction...
NO LOG FILE! - setting up server logging...
[2020-08-15 10:18:36 INFO] Starting Server
[2020-08-15 10:18:36 INFO] Version 1.16.20.3
[2020-08-15 10:18:36 INFO] Session ID e9abf86f-cd89-41ef-a613-c67fd9e27101
[2020-08-15 10:18:36 INFO] Level Name: Sqad Survival
[2020-08-15 10:18:36 INFO] Game mode: 0 Survival
[2020-08-15 10:18:36 INFO] Difficulty: 3 HARD
[2020-08-15 10:18:36 INFO] opening worlds/Sqad Survival/db
[2020-08-15 10:18:42 INFO] IPv4 supported, port: 19134
[2020-08-15 10:18:42 INFO] IPv6 supported, port: 19135
[2020-08-15 10:18:42 INFO] IPv4 supported, port: 19132
[2020-08-15 10:18:42 INFO] IPv6 supported, port: 19133
[2020-08-15 10:18:43 INFO] Server started.
[2020-08-15 10:43:05 INFO] Player connected: Qicksilver9084, xuid: 2535410591962531
[2020-08-15 10:49:14 INFO] Running AutoCompaction...
[2020-08-15 10:57:24 INFO] Running AutoCompaction...
[2020-08-15 11:05:17 INFO] Player connected: WiiUGamertag200, xuid: 2535412581701411
[2020-08-15 11:12:00 INFO] Running AutoCompaction...
[2020-08-15 11:24:51 INFO] Running AutoCompaction...
[2020-08-15 11:40:10 INFO] Running AutoCompaction...
[2020-08-15 11:57:29 INFO] Running AutoCompaction...
[2020-08-15 12:05:20 INFO] Running AutoCompaction...
[2020-08-15 12:26:04 INFO] Player disconnected: WiiUGamertag200, xuid: 2535412581701411
[2020-08-15 12:27:01 INFO] Player disconnected: Qicksilver9084, xuid: 2535410591962531
[2020-08-15 12:33:22 INFO] Running AutoCompaction...
[2020-08-15 12:39:22 INFO] Running AutoCompaction...
[2020-08-15 12:45:22 INFO] Running AutoCompaction...
[2020-08-15 12:50:47 INFO] Player connected: WiiUGamertag200, xuid: 2535412581701411
[2020-08-15 13:01:39 INFO] Running AutoCompaction...
[2020-08-15 13:07:40 INFO] Running AutoCompaction...
[2020-08-15 13:21:31 INFO] Running AutoCompaction...
[2020-08-15 13:22:43 INFO] Player disconnected: WiiUGamertag200, xuid: 2535412581701411
[2020-08-15 13:27:32 INFO] Running AutoCompaction...
[2020-08-15 13:33:32 INFO] Running AutoCompaction...
[2020-08-15 13:39:32 INFO] Running AutoCompaction...
[2020-08-15 13:45:32 INFO] Running AutoCompaction...
[2020-08-15 13:51:32 INFO] Running AutoCompaction...
[2020-08-15 13:57:32 INFO] Running AutoCompaction...
[2020-08-15 14:03:32 INFO] Running AutoCompaction...
[2020-08-15 14:04:20 INFO] Player connected: WiiUGamertag200, xuid: 2535412581701411
[2020-08-15 14:10:28 INFO] Player disconnected: WiiUGamertag200, xuid: 2535412581701411
[2020-08-15 14:11:05 INFO] Player connected: WiiUGamertag200, xuid: 2535412581701411
[2020-08-15 14:17:48 INFO] Running AutoCompaction...
[2020-08-15 14:24:35 INFO] Running AutoCompaction...
[2020-08-15 14:34:41 INFO] Player disconnected: WiiUGamertag200, xuid: 2535412581701411
[2020-08-15 14:36:59 INFO] Running AutoCompaction...
[2020-08-15 14:38:35 INFO] Player connected: WiiUGamertag200, xuid: 2535412581701411
[2020-08-15 14:45:05 INFO] Running AutoCompaction...
[2020-08-15 14:51:05 INFO] Running AutoCompaction...
[2020-08-15 14:55:25 INFO] Player disconnected: WiiUGamertag200, xuid: 2535412581701411
[2020-08-15 14:57:05 INFO] Running AutoCompaction...
[2020-08-15 15:02:24 INFO] Player connected: WiiUGamertag200, xuid: 2535412581701411
[2020-08-15 15:04:09 INFO] Player disconnected: WiiUGamertag200, xuid: 2535412581701411
[2020-08-15 15:04:18 INFO] Player connected: WiiUGamertag200, xuid: 2535412581701411
[2020-08-15 15:08:45 INFO] Running AutoCompaction...
[2020-08-15 15:14:46 INFO] Running AutoCompaction...
[2020-08-15 15:20:46 INFO] Running AutoCompaction...
[2020-08-15 15:30:02 INFO] Player disconnected: WiiUGamertag200, xuid: 2535412581701411
[2020-08-15 15:31:11 INFO] Player connected: WiiUGamertag200, xuid: 2535412581701411
[2020-08-15 15:37:32 INFO] Running AutoCompaction...
Gave Block of Iron * 64 to WiiUGamertag200
[2020-08-15 15:43:32 INFO] Running AutoCompaction...
[2020-08-15 15:52:38 INFO] Running AutoCompaction...
[2020-08-15 16:00:25 INFO] Running AutoCompaction...
Gave Kelp * 900 to WiiUGamertag200
[2020-08-15 16:11:58 INFO] Running AutoCompaction...
[2020-08-15 16:17:59 INFO] Running AutoCompaction...
[2020-08-15 16:23:59 INFO] Running AutoCompaction...
[2020-08-15 16:37:30 INFO] Running AutoCompaction...
[2020-08-15 16:47:41 INFO] Running AutoCompaction...
Syntax error: Unexpected "burried_treasure": at " ~ locate >>burried_treasure<< "
Syntax error: Unexpected "Burried_Treasure": at " ~ locate >>Burried_Treasure<< "
Syntax error: Unexpected "burriedtreasure": at " ~ locate >>burriedtreasure<< "
The nearest Buried Treasure is at block 2584, (y?), 200
[2020-08-15 16:50:53 INFO] Player disconnected: WiiUGamertag200, xuid: 2535412581701411
[2020-08-15 16:50:58 INFO] Player connected: WiiUGamertag200, xuid: 2535412581701411
Killed Zombie, Zombie
No targets matched selector
Failed to execute 'kill' as WiiUGamertag200
[2020-08-15 16:57:20 INFO] Running AutoCompaction...
Killed Zombie Villager
Killed Spider
[2020-08-15 17:08:00 INFO] Running AutoCompaction...
Killed Zombie, Zombie, Zombie, Zombie, Zombie
Unknown command: ~. Please check that the command exists and that you have permission to use it.
Unknown command: ~. Please check that the command exists and that you have permission to use it.
Unknown command: ~. Please check that the command exists and that you have permission to use it.
Killed Skeleton, Skeleton, Skeleton
No targets matched selector
Failed to execute 'kill' as WiiUGamertag200
Killed Spider, Spider, Spider, Spider, Spider
Killed Creeper, Creeper, Creeper, Creeper, Creeper, Creeper, Creeper
No targets matched selector
Failed to execute 'kill' as WiiUGamertag200
[2020-08-15 17:25:42 INFO] Running AutoCompaction...
Killed Zombie, Zombie
Killed Skeleton, Skeleton, Skeleton, Skeleton
No targets matched selector
Failed to execute 'kill' as WiiUGamertag200
Set game difficulty to PEACEFUL
Set game difficulty to HARD
[2020-08-15 17:36:58 INFO] Running AutoCompaction...
[2020-08-15 17:42:58 INFO] Running AutoCompaction...
[2020-08-15 17:43:46 INFO] Player disconnected: WiiUGamertag200, xuid: 2535412581701411
[2020-08-15 17:48:58 INFO] Running AutoCompaction...
[2020-08-15 17:54:58 INFO] Running AutoCompaction...
[2020-08-15 18:00:58 INFO] Running AutoCompaction...
[2020-08-15 18:06:58 INFO] Running AutoCompaction...
[2020-08-15 18:12:58 INFO] Running AutoCompaction...
[2020-08-15 18:18:58 INFO] Running AutoCompaction...
[2020-08-15 18:24:58 INFO] Running AutoCompaction...
[2020-08-15 18:30:58 INFO] Running AutoCompaction...
[2020-08-15 18:36:58 INFO] Running AutoCompaction...
[2020-08-15 18:42:58 INFO] Running AutoCompaction...
[2020-08-15 18:48:58 INFO] Running AutoCompaction...
[2020-08-15 18:54:58 INFO] Running AutoCompaction...
[2020-08-15 19:00:58 INFO] Running AutoCompaction...
[2020-08-15 19:06:58 INFO] Running AutoCompaction...
[2020-08-15 19:12:58 INFO] Running AutoCompaction...
[2020-08-15 19:18:58 INFO] Running AutoCompaction...
[2020-08-15 19:24:58 INFO] Running AutoCompaction...
[2020-08-15 19:30:58 INFO] Running AutoCompaction...
[2020-08-15 19:36:59 INFO] Running AutoCompaction...
[2020-08-15 19:42:59 INFO] Running AutoCompaction...
[2020-08-15 19:48:59 INFO] Running AutoCompaction...
[2020-08-15 19:54:59 INFO] Running AutoCompaction...
[2020-08-15 20:00:59 INFO] Running AutoCompaction...
[2020-08-15 20:06:59 INFO] Running AutoCompaction...
[2020-08-15 20:12:59 INFO] Running AutoCompaction...
[2020-08-15 20:18:59 INFO] Running AutoCompaction...
[2020-08-15 20:24:59 INFO] Running AutoCompaction...
[2020-08-15 20:30:59 INFO] Running AutoCompaction...
[2020-08-15 20:36:59 INFO] Running AutoCompaction...
[2020-08-15 20:42:59 INFO] Running AutoCompaction...
[2020-08-15 20:48:59 INFO] Running AutoCompaction...
[2020-08-15 20:54:59 INFO] Running AutoCompaction...
[2020-08-15 21:00:59 INFO] Running AutoCompaction...
[2020-08-15 21:06:59 INFO] Running AutoCompaction...
[2020-08-15 21:12:59 INFO] Running AutoCompaction...
[2020-08-15 21:18:59 INFO] Running AutoCompaction...
[2020-08-15 21:24:59 INFO] Running AutoCompaction...
[2020-08-15 21:30:59 INFO] Running AutoCompaction...
[2020-08-15 21:36:59 INFO] Running AutoCompaction...
[2020-08-15 21:42:59 INFO] Running AutoCompaction...
[2020-08-15 21:48:59 INFO] Running AutoCompaction...
[2020-08-15 21:54:59 INFO] Running AutoCompaction...
[2020-08-15 22:00:59 INFO] Running AutoCompaction...
[2020-08-15 22:06:59 INFO] Running AutoCompaction...
[2020-08-15 22:12:59 INFO] Running AutoCompaction...
[2020-08-15 22:18:59 INFO] Running AutoCompaction...
[2020-08-15 22:23:16 INFO] Player connected: Platinum49, xuid: 2535410307157767
[2020-08-15 22:26:07 INFO] Player disconnected: Platinum49, xuid: 2535410307157767
[2020-08-15 22:30:05 INFO] Running AutoCompaction...
[2020-08-15 22:36:05 INFO] Running AutoCompaction...
[2020-08-15 22:37:04 INFO] Player connected: Platinum49, xuid: 2535410307157767
[2020-08-15 22:49:53 INFO] Running AutoCompaction...
[2020-08-15 23:00:01 INFO] Player connected: WiiUGamertag200, xuid: 2535412581701411
[2020-08-15 23:07:11 INFO] Running AutoCompaction...
[2020-08-15 23:24:37 INFO] Running AutoCompaction...
[2020-08-15 23:32:10 INFO] Running AutoCompaction...
[2020-08-15 23:38:38 INFO] Running AutoCompaction...
[2020-08-15 23:53:49 INFO] Running AutoCompaction...
[2020-08-16 00:19:13 INFO] Running AutoCompaction...
[2020-08-16 00:29:36 INFO] Running AutoCompaction...
[2020-08-16 00:40:05 INFO] Running AutoCompaction...
[2020-08-16 00:49:09 INFO] Running AutoCompaction...
[2020-08-16 00:55:09 INFO] Running AutoCompaction...
[2020-08-16 01:01:09 INFO] Running AutoCompaction...
[2020-08-16 01:10:42 INFO] Player disconnected: Platinum49, xuid: 2535410307157767
[2020-08-16 01:11:02 INFO] Player disconnected: WiiUGamertag200, xuid: 2535412581701411
[2020-08-16 01:11:04 INFO] Running AutoCompaction...
[2020-08-16 01:17:04 INFO] Running AutoCompaction...
[2020-08-16 01:19:09 INFO] Server stop requested.
[2020-08-16 01:19:09 INFO] Stopping server...
Quit correctly
NO LOG FILE! - setting up server logging...
[2020-08-16 19:39:40 INFO] Starting Server
[2020-08-16 19:39:40 INFO] Version 1.16.20.3
[2020-08-16 19:39:40 INFO] Session ID a26a9b9b-2d73-4343-bff1-4e7704c60428
[2020-08-16 19:39:40 INFO] Level Name: Sqad Survival
[2020-08-16 19:39:40 INFO] Game mode: 0 Survival
[2020-08-16 19:39:40 INFO] Difficulty: 3 HARD
[2020-08-16 19:39:40 INFO] opening worlds/Sqad Survival/db
[2020-08-16 19:39:47 INFO] IPv4 supported, port: 19134
[2020-08-16 19:39:47 INFO] IPv6 supported, port: 19135
[2020-08-16 19:39:47 INFO] IPv4 supported, port: 58473
[2020-08-16 19:39:47 INFO] IPv6 supported, port: 58474
[2020-08-16 19:39:47 INFO] Server started.
[2020-08-16 19:39:56 INFO] Server stop requested.
[2020-08-16 19:39:56 INFO] Stopping server...
Quit correctly
NO LOG FILE! - setting up server logging...
[2020-08-17 08:59:57 INFO] Starting Server
[2020-08-17 08:59:57 INFO] Version 1.16.20.3
[2020-08-17 08:59:57 INFO] Session ID 21adbfa6-1b79-4011-8cb2-41e73878b87b
[2020-08-17 08:59:57 INFO] Level Name: Sqad Survival
[2020-08-17 08:59:57 INFO] Game mode: 0 Survival
[2020-08-17 08:59:57 INFO] Difficulty: 3 HARD
[2020-08-17 08:59:57 INFO] opening worlds/Sqad Survival/db
[2020-08-17 09:00:04 INFO] IPv4 supported, port: 19134
[2020-08-17 09:00:04 INFO] IPv6 supported, port: 19135
[2020-08-17 09:00:04 INFO] IPv4 supported, port: 19132
[2020-08-17 09:00:04 INFO] IPv6 supported, port: 19133
[2020-08-17 09:00:05 INFO] Server started.
[2020-08-17 09:00:28 INFO] Player connected: WiiUGamertag200, xuid: 2535412581701411
[2020-08-17 09:07:02 INFO] Running AutoCompaction...
[2020-08-17 09:16:48 INFO] Running AutoCompaction...
[2020-08-17 09:18:41 INFO] Player connected: Platinum49, xuid: 2535410307157767
[2020-08-17 09:28:51 INFO] Running AutoCompaction...
[2020-08-17 09:37:25 INFO] Player disconnected: Platinum49, xuid: 2535410307157767
[2020-08-17 09:43:53 INFO] Running AutoCompaction...
[2020-08-17 09:54:50 INFO] Running AutoCompaction...
[2020-08-17 10:02:28 INFO] Player connected: Platinum49, xuid: 2535410307157767
[2020-08-17 10:06:51 INFO] Player connected: BoweryMoney3250, xuid: 2535467346529731
[2020-08-17 10:11:12 INFO] Running AutoCompaction...
[2020-08-17 10:14:42 INFO] Player disconnected: WiiUGamertag200, xuid: 2535412581701411
[2020-08-17 10:17:12 INFO] Player connected: Qicksilver9084, xuid: 2535410591962531
[2020-08-17 10:20:34 INFO] Running AutoCompaction...
[2020-08-17 10:43:12 INFO] Player disconnected: Qicksilver9084, xuid: 2535410591962531
[2020-08-17 10:44:20 INFO] Player connected: Qicksilver9084, xuid: 2535410591962531
[2020-08-17 11:21:29 INFO] Player disconnected: Qicksilver9084, xuid: 2535410591962531
[2020-08-17 11:21:37 INFO] Player connected: Qicksilver9084, xuid: 2535410591962531
[2020-08-17 11:32:29 INFO] Player connected: WiiUGamertag200, xuid: 2535412581701411
[2020-08-17 12:11:31 INFO] Running AutoCompaction...
[2020-08-17 12:13:23 INFO] Player disconnected: Platinum49, xuid: 2535410307157767
[2020-08-17 12:19:34 INFO] Running AutoCompaction...
[2020-08-17 12:27:39 INFO] Player disconnected: Qicksilver9084, xuid: 2535410591962531
[2020-08-17 12:30:50 INFO] Player connected: Qicksilver9084, xuid: 2535410591962531
[2020-08-17 12:36:51 INFO] Player disconnected: Qicksilver9084, xuid: 2535410591962531
[2020-08-17 12:37:46 INFO] Player connected: Platinum49, xuid: 2535410307157767
[2020-08-17 12:39:48 INFO] Player disconnected: BoweryMoney3250, xuid: 2535467346529731
[2020-08-17 12:47:53 INFO] Player disconnected: Platinum49, xuid: 2535410307157767
[2020-08-17 12:58:02 INFO] Running AutoCompaction...
[2020-08-17 13:05:31 INFO] Running AutoCompaction...
[2020-08-17 13:13:03 INFO] Running AutoCompaction...
[2020-08-17 13:21:39 INFO] Player connected: Qicksilver9084, xuid: 2535410591962531
[2020-08-17 13:28:47 INFO] Running AutoCompaction...
[2020-08-17 13:39:20 INFO] Running AutoCompaction...
[2020-08-17 13:50:24 INFO] Running AutoCompaction...
[2020-08-17 14:05:04 INFO] Running AutoCompaction...
[2020-08-17 14:13:30 INFO] Running AutoCompaction...
[2020-08-17 14:25:08 INFO] Running AutoCompaction...
[2020-08-17 15:07:05 INFO] Running AutoCompaction...
[2020-08-17 15:10:00 INFO] Player disconnected: Qicksilver9084, xuid: 2535410591962531
[2020-08-17 15:10:42 INFO] Player connected: Qicksilver9084, xuid: 2535410591962531
[2020-08-17 15:16:00 INFO] Running AutoCompaction...
[2020-08-17 15:29:53 INFO] Running AutoCompaction...
[2020-08-17 15:31:30 INFO] Player disconnected: WiiUGamertag200, xuid: 2535412581701411
[2020-08-17 15:31:48 INFO] Player connected: WiiUGamertag200, xuid: 2535412581701411
[2020-08-17 15:38:25 INFO] Running AutoCompaction...
[2020-08-17 15:42:37 INFO] Player disconnected: WiiUGamertag200, xuid: 2535412581701411
[2020-08-17 15:47:56 INFO] Player connected: WiiUGamertag200, xuid: 2535412581701411
[2020-08-17 15:53:31 INFO] Player disconnected: WiiUGamertag200, xuid: 2535412581701411
[2020-08-17 15:53:59 INFO] Running AutoCompaction...
[2020-08-17 15:53:59 INFO] Player connected: Platinum49, xuid: 2535410307157767
[2020-08-17 15:54:12 INFO] Player connected: WiiUGamertag200, xuid: 2535412581701411
[2020-08-17 15:55:25 INFO] Player connected: hibob90000, xuid: 2535412077089734
[2020-08-17 16:02:14 INFO] Player disconnected: Qicksilver9084, xuid: 2535410591962531
[2020-08-17 16:02:21 INFO] Player connected: Qicksilver9084, xuid: 2535410591962531
[2020-08-17 16:07:34 INFO] Player disconnected: dog8myhomework98, xuid: 
[2020-08-17 16:07:59 INFO] Player disconnected: dog8myhomework98, xuid: 
[2020-08-17 16:09:02 INFO] Player disconnected: WiiUGamertag200, xuid: 2535412581701411
[2020-08-17 16:11:51 INFO] Player disconnected: hibob90000, xuid: 2535412077089734
[2020-08-17 16:11:51 INFO] Player disconnected: dog8myhomework98, xuid: 
[2020-08-17 16:12:21 INFO] Player connected: hibob90000, xuid: 2535412077089734
[2020-08-17 16:14:02 INFO] Player connected: WiiUGamertag200, xuid: 2535412581701411
4788 blocks filled
4788 blocks filled
3654 blocks filled
1974 blocks filled
[2020-08-17 16:20:27 INFO] Player disconnected: WiiUGamertag200, xuid: 2535412581701411
[2020-08-17 16:21:28 INFO] Player connected: WiiUGamertag200, xuid: 2535412581701411
[2020-08-17 16:29:10 INFO] Player disconnected: Qicksilver9084, xuid: 2535410591962531
[2020-08-17 16:29:17 INFO] Player connected: Qicksilver9084, xuid: 2535410591962531
Syntax error: Unexpected "water": at "3 385 air >>water<< "
Syntax error: Unexpected "water": at "0 385 air >>water<< "
Syntax error: Unexpected "replace": at "3 385 air >>replace<< water "
Too many blocks in the specified area (1860768 > 32768)
Too many blocks in the specified area (731016 > 32768)
Too many blocks in the specified area (398736 > 32768)
Too many blocks in the specified area (265824 > 32768)
Too many blocks in the specified area (132912 > 32768)
Too many blocks in the specified area (51404 > 32768)
Too many blocks in the specified area (37204 > 32768)
5948 blocks filled
1033 blocks filled
Too many blocks in the specified area (1860768 > 32768)
Gave Sponge * 128 to WiiUGamertag200
760 blocks filled
4 blocks filled
846 blocks filled
355 blocks filled
323 blocks filled
0 blocks filled
3763 blocks filled
73 blocks filled
58 blocks filled
[2020-08-17 16:56:47 INFO] Player disconnected: WiiUGamertag200, xuid: 2535412581701411
[2020-08-17 17:20:09 INFO] Player disconnected: Platinum49, xuid: 2535410307157767
[2020-08-17 17:26:17 INFO] Player connected: WiiUGamertag200, xuid: 2535412581701411
137 blocks filled
88 blocks filled
420 blocks filled
Syntax error: Unexpected "air": at "0 water 0 >>air<< water "
6373 blocks filled
133 blocks filled
74 blocks filled
38 blocks filled
237 blocks filled
Too many blocks in the specified area (1860768 > 32768)
191 blocks filled
Gave Night Vision * 255 to WiiUGamertag200 for 255 seconds
111 blocks filled
113 blocks filled
The number you have entered (2550) is too big, it must be at most 255
Gave Night Vision * 255 to WiiUGamertag200 for 2550 seconds
48 blocks filled
44 blocks filled
97 blocks filled
139 blocks filled
[2020-08-17 17:48:33 INFO] Player disconnected: hibob90000, xuid: 2535412077089734
[2020-08-17 17:48:33 INFO] Player disconnected: dog8myhomework98, xuid: 
Gave Sponge * 128 to WiiUGamertag200
[2020-08-17 17:53:31 INFO] Player disconnected: Qicksilver9084, xuid: 2535410591962531
Gave Sponge * 128 to WiiUGamertag200
[2020-08-17 17:59:21 INFO] Running AutoCompaction...
[2020-08-17 18:05:34 INFO] Player connected: Qicksilver9084, xuid: 2535410591962531
103 blocks filled
121 blocks filled
408 blocks filled
156 blocks filled
55 blocks filled
276 blocks filled
37 blocks filled
618 blocks filled
408 blocks filled
244 blocks filled
3 blocks filled
[2020-08-17 18:16:12 INFO] Running AutoCompaction...
307 blocks filled
62 blocks filled
Took all effects from WiiUGamertag200
[2020-08-17 18:28:34 INFO] Running AutoCompaction...
[2020-08-17 18:32:10 INFO] Player disconnected: WiiUGamertag200, xuid: 2535412581701411
[2020-08-17 18:32:33 INFO] Player connected: WiiUGamertag200, xuid: 2535412581701411
[2020-08-17 18:45:24 INFO] Running AutoCompaction...
[2020-08-17 18:58:52 INFO] Running AutoCompaction...
[2020-08-17 19:14:03 INFO] Running AutoCompaction...
[2020-08-17 19:40:30 INFO] Running AutoCompaction...
[2020-08-17 19:52:35 INFO] Running AutoCompaction...
[2020-08-17 19:57:08 INFO] Player disconnected: Qicksilver9084, xuid: 2535410591962531
[2020-08-17 20:00:49 INFO] Player connected: Platinum49, xuid: 2535410307157767
[2020-08-17 20:05:46 INFO] Running AutoCompaction...
[2020-08-17 20:06:11 INFO] Player connected: Qicksilver9084, xuid: 2535410591962531
[2020-08-17 20:08:02 INFO] Player disconnected: Qicksilver9084, xuid: 2535410591962531
[2020-08-17 20:18:41 INFO] Running AutoCompaction...
[2020-08-17 20:29:32 INFO] Running AutoCompaction...
[2020-08-17 20:40:11 INFO] Running AutoCompaction...
[2020-08-17 20:52:33 INFO] Running AutoCompaction...
[2020-08-17 20:58:18 INFO] Player disconnected: WiiUGamertag200, xuid: 2535412581701411
[2020-08-17 20:59:03 INFO] Player connected: WiiUGamertag200, xuid: 2535412581701411
[2020-08-17 21:04:51 INFO] Player disconnected: WiiUGamertag200, xuid: 2535412581701411
[2020-08-17 21:05:28 INFO] Running AutoCompaction...
[2020-08-17 21:10:56 INFO] Player connected: WiiUGamertag200, xuid: 2535412581701411
[2020-08-17 21:26:48 INFO] Running AutoCompaction...
[2020-08-17 21:28:19 INFO] Player disconnected: Platinum49, xuid: 2535410307157767
[2020-08-17 21:38:40 INFO] Player disconnected: WiiUGamertag200, xuid: 2535412581701411
[2020-08-17 21:42:30 INFO] Player connected: WiiUGamertag200, xuid: 2535412581701411
[2020-08-17 21:44:08 INFO] Running AutoCompaction...
[2020-08-17 21:52:17 INFO] Running AutoCompaction...
[2020-08-17 22:12:52 INFO] Running AutoCompaction...
Gave Cooked Beef * 64 to WiiUGamertag200
[2020-08-17 22:24:08 INFO] Running AutoCompaction...
[2020-08-17 22:38:07 INFO] Running AutoCompaction...
[2020-08-17 22:56:20 INFO] Running AutoCompaction...
[2020-08-17 23:09:44 INFO] Player disconnected: WiiUGamertag200, xuid: 2535412581701411
NO LOG FILE! - setting up server logging...
[2020-08-18 08:24:19 INFO] Starting Server
[2020-08-18 08:24:19 INFO] Version 1.16.20.3
[2020-08-18 08:24:19 INFO] Session ID e27598ca-d54a-4b33-8831-b9070f659883
[2020-08-18 08:24:19 INFO] Level Name: Sqad Survival
[2020-08-18 08:24:19 INFO] Game mode: 0 Survival
[2020-08-18 08:24:19 INFO] Difficulty: 3 HARD
[2020-08-18 08:24:19 INFO] opening worlds/Sqad Survival/db
[2020-08-18 08:24:19 INFO] IPv4 supported, port: 19134
[2020-08-18 08:24:19 INFO] IPv6 supported, port: 19135
[2020-08-18 08:24:19 INFO] IPv4 supported, port: 19132
[2020-08-18 08:24:19 INFO] IPv6 supported, port: 19133
[2020-08-18 08:24:20 INFO] Server started.
NO LOG FILE! - setting up server logging...
NO LOG FILE! - [2020-08-18 20:37:10 INFO] Starting Server
NO LOG FILE! - [2020-08-18 20:37:10 INFO] Version 1.16.20.3
NO LOG FILE! - [2020-08-18 20:37:10 INFO] Session ID 37259349-14a2-45b3-8ce7-2af4bef59481
NO LOG FILE! - [2020-08-18 20:37:10 INFO] Level Name: Sqad Survival
NO LOG FILE! - [2020-08-18 20:37:10 INFO] Game mode: 0 Survival
NO LOG FILE! - [2020-08-18 20:37:10 INFO] Difficulty: 3 HARD
NO LOG FILE! - [2020-08-18 20:37:10 INFO] opening worlds/Sqad Survival/db
NO LOG FILE! - [2020-08-18 20:37:10 WARN] LevelDB worlds/Sqad Survival/db status NOT OK(IO error: _wfopen_s failed to open file for: ReadBinary(rb). ErrorCode: 13 - 'Permission denied'). Trying repair.
NO LOG FILE! - [2020-08-18 20:37:17 INFO] IPv4 supported, port: 0
NO LOG FILE! - [2020-08-18 20:37:17 INFO] IPv6 supported, port: 0
NO LOG FILE! - [2020-08-18 20:37:17 ERROR] Network port occupied, can't start server.
Quit correctly
NO LOG FILE! - setting up server logging...
[2020-08-19 17:08:30 INFO] Starting Server
[2020-08-19 17:08:30 INFO] Version 1.16.20.3
[2020-08-19 17:08:30 INFO] Session ID 4b1d3410-d968-4191-bcdd-6b2331830b2f
[2020-08-19 17:08:30 INFO] Level Name: Sqad Survival
[2020-08-19 17:08:30 INFO] Game mode: 0 Survival
[2020-08-19 17:08:30 INFO] Difficulty: 3 HARD
[2020-08-19 17:08:30 INFO] opening worlds/Sqad Survival/db
[2020-08-19 17:08:30 WARN] LevelDB worlds/Sqad Survival/db status NOT OK(Corruption: 78 missing files; e.g.: worlds/Sqad Survival/db/013274.ldb). Trying repair.
[2020-08-19 17:08:38 INFO] IPv4 supported, port: 19134
[2020-08-19 17:08:38 INFO] IPv6 supported, port: 19135
[2020-08-19 17:08:38 INFO] IPv4 supported, port: 19132
[2020-08-19 17:08:38 INFO] IPv6 supported, port: 19133
[2020-08-19 17:08:39 INFO] Server started.
[2020-08-19 17:08:44 INFO] Player connected: JasonTheBot, xuid: 
[2020-08-19 17:14:57 INFO] Running AutoCompaction...
[2020-08-19 18:05:18 INFO] Player connected: Dog8myhomework9, xuid: 2535423317529348
[2020-08-19 18:16:17 INFO] Player disconnected: Dog8myhomework9, xuid: 2535423317529348
[2020-08-19 20:42:53 INFO] Player connected: Dog8myhomework9, xuid: 2535423317529348
[2020-08-19 21:12:54 INFO] Player disconnected: Dog8myhomework9, xuid: 2535423317529348
[2020-08-19 21:31:30 INFO] Player connected: Platinum49, xuid: 2535410307157767
[2020-08-19 22:30:57 INFO] Player disconnected: Platinum49, xuid: 2535410307157767
[2020-08-19 23:07:35 INFO] Server stop requested.
[2020-08-19 23:07:35 INFO] Stopping server...
Quit correctly
NO LOG FILE! - setting up server logging...
[2020-08-21 17:02:46 INFO] Starting Server
[2020-08-21 17:02:46 INFO] Version 1.16.20.3
[2020-08-21 17:02:46 INFO] Session ID 18c183c9-bb60-46b6-8969-876782d0a99c
[2020-08-21 17:02:46 INFO] Level Name: Sqad Survival
[2020-08-21 17:02:46 INFO] Game mode: 0 Survival
[2020-08-21 17:02:46 INFO] Difficulty: 3 HARD
[2020-08-21 17:02:46 INFO] opening worlds/Sqad Survival/db
[2020-08-21 17:02:52 INFO] IPv4 supported, port: 19134
[2020-08-21 17:02:52 INFO] IPv6 supported, port: 19135
[2020-08-21 17:02:52 INFO] IPv4 supported, port: 19132
[2020-08-21 17:02:52 INFO] IPv6 supported, port: 19133
[2020-08-21 17:02:52 INFO] Server started.
[2020-08-21 17:03:00 INFO] Player connected: JasonTheBot, xuid: 
[2020-08-21 17:03:47 INFO] Player connected: WiiUGamertag200, xuid: 2535412581701411
[2020-08-21 17:32:44 INFO] Running AutoCompaction...
[2020-08-21 17:33:02 INFO] Player disconnected: WiiUGamertag200, xuid: 2535412581701411
[2020-08-21 17:34:28 INFO] Player connected: WiiUGamertag200, xuid: 2535412581701411
[2020-08-21 17:39:39 INFO] Player disconnected: WiiUGamertag200, xuid: 2535412581701411
[2020-08-21 17:41:01 INFO] Running AutoCompaction...
[2020-08-21 17:50:47 INFO] Player connected: BoweryMoney3250, xuid: 2535467346529731
[2020-08-21 17:56:36 INFO] Player connected: WiiUGamertag200, xuid: 2535412581701411
[2020-08-21 18:05:05 INFO] Running AutoCompaction...
[2020-08-21 18:26:16 INFO] Running AutoCompaction...
[2020-08-21 18:29:55 INFO] Player disconnected: Enohpolyx, xuid: 2535428811058318
[2020-08-21 18:34:30 INFO] Running AutoCompaction...
[2020-08-21 19:00:18 INFO] Running AutoCompaction...
[2020-08-21 19:37:36 INFO] Player disconnected: BoweryMoney3250, xuid: 2535467346529731
[2020-08-21 19:42:31 INFO] Player disconnected: WiiUGamertag200, xuid: 2535412581701411
[2020-08-21 19:51:50 INFO] Running AutoCompaction...
[2020-08-21 20:15:23 INFO] Running AutoCompaction...
[2020-08-21 20:25:31 INFO] Running AutoCompaction...
[2020-08-21 20:36:34 INFO] Running AutoCompaction...
[2020-08-21 20:42:34 INFO] Running AutoCompaction...
[2020-08-21 21:05:15 INFO] Player connected: Platinum49, xuid: 2535410307157767
[2020-08-21 21:49:08 INFO] Player disconnected: Platinum49, xuid: 2535410307157767
[2020-08-21 22:03:30 INFO] Running AutoCompaction...
[2020-08-21 22:21:33 INFO] Player connected: WiiUGamertag200, xuid: 2535412581701411
[2020-08-21 22:28:03 INFO] Running AutoCompaction...
[2020-08-21 22:44:54 INFO] Player disconnected: JasonTheBot, xuid: 
[2020-08-21 22:44:55 INFO] Player disconnected: WiiUGamertag200, xuid: 2535412581701411
[2020-08-21 22:45:10 INFO] Player connected: WiiUGamertag200, xuid: 2535412581701411
[2020-08-21 22:51:48 INFO] Running AutoCompaction...
[2020-08-21 23:00:39 INFO] Running AutoCompaction...
[2020-08-21 23:08:26 INFO] Running AutoCompaction...
Object successfully summoned
Object successfully summoned
[2020-08-21 23:18:29 INFO] Running AutoCompaction...
[2020-08-21 23:44:07 INFO] Running AutoCompaction...
[2020-08-21 23:52:30 INFO] Running AutoCompaction...
[2020-08-22 00:00:43 INFO] Running AutoCompaction...
[2020-08-22 00:15:44 INFO] Running AutoCompaction...
[2020-08-22 00:24:55 INFO] Running AutoCompaction...
Syntax error: Unexpected "melon_seed": at "mertag200 >>melon_seed<< "
Gave Melon Seeds * 64 to WiiUGamertag200
[2020-08-22 00:34:53 INFO] Running AutoCompaction...
[2020-08-22 00:56:07 INFO] Running AutoCompaction...
[2020-08-22 01:05:46 INFO] Running AutoCompaction...
[2020-08-22 01:15:39 INFO] Player disconnected: WiiUGamertag200, xuid: 2535412581701411
[2020-08-22 01:15:59 INFO] Player connected: WiiUGamertag200, xuid: 2535412581701411
[2020-08-22 01:22:47 INFO] Running AutoCompaction...
[2020-08-22 01:33:48 INFO] Running AutoCompaction...
[2020-08-22 01:43:38 INFO] Running AutoCompaction...
[2020-08-22 01:52:58 INFO] Running AutoCompaction...
[2020-08-22 02:05:41 INFO] Player disconnected: WiiUGamertag200, xuid: 2535412581701411
[2020-08-22 02:06:01 INFO] Running AutoCompaction...
NO LOG FILE! - setting up server logging...
[2020-08-22 08:45:39 INFO] Starting Server
[2020-08-22 08:45:39 INFO] Version 1.16.20.3
[2020-08-22 08:45:39 INFO] Session ID a76f4fab-7074-41a9-a5f5-22cecd1b6141
[2020-08-22 08:45:39 INFO] Level Name: Sqad Survival
[2020-08-22 08:45:39 INFO] Game mode: 0 Survival
[2020-08-22 08:45:39 INFO] Difficulty: 3 HARD
[2020-08-22 08:45:40 INFO] opening worlds/Sqad Survival/db
[2020-08-22 08:45:47 INFO] IPv4 supported, port: 19134
[2020-08-22 08:45:47 INFO] IPv6 supported, port: 19135
[2020-08-22 08:45:47 INFO] IPv4 supported, port: 19132
[2020-08-22 08:45:47 INFO] IPv6 supported, port: 19133
[2020-08-22 08:45:47 INFO] Server started.
[2020-08-22 08:45:47 INFO] Player connected: JasonTheBot, xuid: 
[2020-08-22 08:45:53 INFO] Player connected: WiiUGamertag200, xuid: 2535412581701411
[2020-08-22 08:46:17 INFO] Player connected: Platinum49, xuid: 2535410307157767
[2020-08-22 08:52:35 INFO] Running AutoCompaction...
[2020-08-22 09:18:42 INFO] Player disconnected: Platinum49, xuid: 2535410307157767
[2020-08-22 09:38:43 INFO] Running AutoCompaction...
No targets matched selector
Could not find player JasonTheBot
Syntax error: Unexpected "%2$s": at "%1$s>>%2$s<<%3$s"
[2020-08-22 11:13:27 INFO] Player disconnected: JasonTheBot, xuid: 
[2020-08-22 11:28:34 INFO] Player disconnected: WiiUGamertag200, xuid: 2535412581701411
[2020-08-22 11:34:38 INFO] Running AutoCompaction...
[2020-08-22 11:40:38 INFO] Running AutoCompaction...
[2020-08-22 11:46:38 INFO] Running AutoCompaction...
[2020-08-22 11:52:38 INFO] Running AutoCompaction...
[2020-08-22 11:58:39 INFO] Running AutoCompaction...
[2020-08-22 12:04:39 INFO] Running AutoCompaction...
[2020-08-22 12:10:39 INFO] Running AutoCompaction...
[2020-08-22 12:16:39 INFO] Running AutoCompaction...
[2020-08-22 12:22:39 INFO] Running AutoCompaction...
[2020-08-22 12:28:39 INFO] Running AutoCompaction...
[2020-08-22 12:34:39 INFO] Running AutoCompaction...
[2020-08-22 12:40:39 INFO] Running AutoCompaction...
[2020-08-22 12:46:39 INFO] Running AutoCompaction...
[2020-08-22 12:52:39 INFO] Running AutoCompaction...
[2020-08-22 12:58:39 INFO] Running AutoCompaction...
[2020-08-22 13:04:39 INFO] Running AutoCompaction...
[2020-08-22 13:10:39 INFO] Running AutoCompaction...
[2020-08-22 13:16:39 INFO] Running AutoCompaction...
[2020-08-22 13:22:39 INFO] Running AutoCompaction...
[2020-08-22 13:28:39 INFO] Running AutoCompaction...
[2020-08-22 13:34:39 INFO] Running AutoCompaction...
[2020-08-22 13:40:39 INFO] Running AutoCompaction...
[2020-08-22 13:46:39 INFO] Running AutoCompaction...
[2020-08-22 13:52:39 INFO] Running AutoCompaction...
[2020-08-22 13:58:39 INFO] Running AutoCompaction...
[2020-08-22 14:04:39 INFO] Running AutoCompaction...
[2020-08-22 14:10:39 INFO] Running AutoCompaction...
[2020-08-22 14:16:39 INFO] Running AutoCompaction...
[2020-08-22 14:22:39 INFO] Running AutoCompaction...
[2020-08-22 14:28:39 INFO] Running AutoCompaction...
[2020-08-22 14:34:39 INFO] Running AutoCompaction...
[2020-08-22 14:40:39 INFO] Running AutoCompaction...
[2020-08-22 14:46:39 INFO] Running AutoCompaction...
[2020-08-22 14:52:39 INFO] Running AutoCompaction...
[2020-08-22 14:58:39 INFO] Running AutoCompaction...
[2020-08-22 15:04:39 INFO] Running AutoCompaction...
[2020-08-22 15:10:39 INFO] Running AutoCompaction...
[2020-08-22 15:16:39 INFO] Running AutoCompaction...
[2020-08-22 15:22:39 INFO] Running AutoCompaction...
[2020-08-22 15:28:39 INFO] Running AutoCompaction...
[2020-08-22 15:34:39 INFO] Running AutoCompaction...
[2020-08-22 15:40:39 INFO] Running AutoCompaction...
[2020-08-22 15:46:39 INFO] Running AutoCompaction...
[2020-08-22 15:52:39 INFO] Running AutoCompaction...
[2020-08-22 15:52:59 INFO] Player connected: WiiUGamertag200, xuid: 2535412581701411
[2020-08-22 15:59:46 INFO] Running AutoCompaction...
[2020-08-22 16:10:43 INFO] Running AutoCompaction...
[2020-08-22 16:22:23 INFO] Running AutoCompaction...
[2020-08-22 16:32:50 INFO] Running AutoCompaction...
[2020-08-22 16:44:19 INFO] Running AutoCompaction...
[2020-08-22 16:55:40 INFO] Running AutoCompaction...
[2020-08-22 17:02:16 INFO] Player connected: JasonTheBot, xuid: 
Teleported JasonTheBot to WiiUGamertag200
[2020-08-22 17:14:17 INFO] Running AutoCompaction...
[2020-08-22 17:23:58 INFO] Running AutoCompaction...
[2020-08-22 17:35:19 INFO] Player disconnected: WiiUGamertag200, xuid: 2535412581701411
[2020-08-22 17:44:53 INFO] Player connected: WiiUGamertag200, xuid: 2535412581701411
[2020-08-22 17:51:31 INFO] Running AutoCompaction...
[2020-08-22 18:03:31 INFO] Running AutoCompaction...
Enchanting succeeded for WiiUGamertag200
[2020-08-22 18:10:26 INFO] Player disconnected: WiiUGamertag200, xuid: 2535412581701411
[2020-08-22 18:10:49 INFO] Player connected: WiiUGamertag200, xuid: 2535412581701411
[2020-08-22 18:26:35 INFO] Running AutoCompaction...
[2020-08-22 18:50:08 INFO] Running AutoCompaction...
[2020-08-22 18:59:08 INFO] Running AutoCompaction...
[2020-08-22 19:19:58 INFO] Running AutoCompaction...
[2020-08-22 19:30:28 INFO] Running AutoCompaction...
[2020-08-22 19:39:39 INFO] Running AutoCompaction...
[2020-08-22 19:47:42 INFO] Running AutoCompaction...
[2020-08-22 19:59:00 INFO] Player disconnected: WiiUGamertag200, xuid: 2535412581701411
[2020-08-22 21:09:19 INFO] Player connected: WiiUGamertag200, xuid: 2535412581701411
[2020-08-22 21:33:55 INFO] Running AutoCompaction...
Teleported JasonTheBot to WiiUGamertag200
[2020-08-22 21:42:46 INFO] Player disconnected: WiiUGamertag200, xuid: 2535412581701411
[2020-08-22 22:08:17 INFO] Player connected: WiiUGamertag200, xuid: 2535412581701411
[2020-08-22 22:13:25 INFO] Player disconnected: JasonTheBot, xuid: 
[2020-08-22 22:13:31 INFO] Player connected: JasonTheBot, xuid: 
Teleported JasonTheBot to WiiUGamertag200
[2020-08-22 22:16:01 INFO] Player disconnected: WiiUGamertag200, xuid: 2535412581701411
[2020-08-22 22:21:08 INFO] Running AutoCompaction...
[2020-08-22 23:18:36 INFO] Player connected: WiiUGamertag200, xuid: 2535412581701411
[2020-08-22 23:34:54 INFO] Running AutoCompaction...
Teleported JasonTheBot to WiiUGamertag200
[2020-08-23 00:22:59 INFO] Running AutoCompaction...
[2020-08-23 00:32:00 INFO] Running AutoCompaction...
[2020-08-23 01:02:13 INFO] Player disconnected: WiiUGamertag200, xuid: 2535412581701411
NO LOG FILE! - setting up server logging...
[2020-08-23 10:16:42 INFO] Starting Server
[2020-08-23 10:16:42 INFO] Version 1.16.20.3
[2020-08-23 10:16:42 INFO] Session ID 7a726fe2-a714-48bd-8496-c7ca4f8bb1e0
[2020-08-23 10:16:42 INFO] Level Name: Sqad Survival
[2020-08-23 10:16:42 INFO] Game mode: 0 Survival
[2020-08-23 10:16:42 INFO] Difficulty: 3 HARD
[2020-08-23 10:16:42 INFO] opening worlds/Sqad Survival/db
[2020-08-23 10:16:51 INFO] IPv4 supported, port: 19134
[2020-08-23 10:16:51 INFO] IPv6 supported, port: 19135
[2020-08-23 10:16:51 INFO] IPv4 supported, port: 19132
[2020-08-23 10:16:51 INFO] IPv6 supported, port: 19133
[2020-08-23 10:16:52 INFO] Server started.
[2020-08-23 10:16:52 INFO] Player connected: JasonTheBot, xuid: 
[2020-08-23 10:17:19 INFO] Player connected: WiiUGamertag200, xuid: 2535412581701411
[2020-08-23 10:23:54 INFO] Running AutoCompaction...
[2020-08-23 10:30:56 INFO] Player disconnected: WiiUGamertag200, xuid: 2535412581701411
[2020-08-23 10:30:57 INFO] Player disconnected: JasonTheBot, xuid: 
[2020-08-23 10:36:43 INFO] Running AutoCompaction...
[2020-08-23 10:41:56 INFO] Player connected: WiiUGamertag200, xuid: 2535412581701411
[2020-08-23 10:41:59 INFO] Player disconnected: WiiUGamertag200, xuid: 2535412581701411
[2020-08-23 10:42:02 INFO] Player connected: WiiUGamertag200, xuid: 2535412581701411
[2020-08-23 10:46:42 INFO] Player disconnected: WiiUGamertag200, xuid: 2535412581701411
[2020-08-23 10:48:44 INFO] Running AutoCompaction...
[2020-08-23 10:54:44 INFO] Running AutoCompaction...
[2020-08-23 11:00:43 INFO] Running AutoCompaction...
[2020-08-23 11:06:43 INFO] Running AutoCompaction...
[2020-08-23 11:12:43 INFO] Running AutoCompaction...
[2020-08-23 11:18:43 INFO] Running AutoCompaction...
[2020-08-23 11:24:43 INFO] Running AutoCompaction...
[2020-08-23 11:30:43 INFO] Running AutoCompaction...
[2020-08-23 11:36:43 INFO] Running AutoCompaction...
[2020-08-23 11:42:43 INFO] Running AutoCompaction...
[2020-08-23 11:48:43 INFO] Running AutoCompaction...
[2020-08-23 11:54:43 INFO] Running AutoCompaction...
[2020-08-23 12:00:43 INFO] Running AutoCompaction...
[2020-08-23 12:06:43 INFO] Running AutoCompaction...
[2020-08-23 12:12:43 INFO] Running AutoCompaction...
[2020-08-23 12:18:43 INFO] Running AutoCompaction...
[2020-08-23 12:24:43 INFO] Running AutoCompaction...
[2020-08-23 12:30:43 INFO] Running AutoCompaction...
[2020-08-23 12:36:43 INFO] Running AutoCompaction...
[2020-08-23 12:42:43 INFO] Running AutoCompaction...
[2020-08-23 12:48:43 INFO] Running AutoCompaction...
[2020-08-23 12:54:43 INFO] Running AutoCompaction...
[2020-08-23 13:00:43 INFO] Running AutoCompaction...
[2020-08-23 13:06:43 INFO] Running AutoCompaction...
[2020-08-23 13:12:43 INFO] Running AutoCompaction...
[2020-08-23 13:18:43 INFO] Running AutoCompaction...
[2020-08-23 13:24:43 INFO] Running AutoCompaction...
[2020-08-23 13:30:44 INFO] Running AutoCompaction...
[2020-08-23 13:36:44 INFO] Running AutoCompaction...
[2020-08-23 13:42:44 INFO] Running AutoCompaction...
[2020-08-23 13:48:44 INFO] Running AutoCompaction...
[2020-08-23 13:54:44 INFO] Running AutoCompaction...
[2020-08-23 14:00:44 INFO] Running AutoCompaction...
[2020-08-23 14:06:44 INFO] Running AutoCompaction...
[2020-08-23 14:12:44 INFO] Running AutoCompaction...
[2020-08-23 14:18:44 INFO] Running AutoCompaction...
[2020-08-23 14:24:44 INFO] Running AutoCompaction...
[2020-08-23 14:30:44 INFO] Running AutoCompaction...
[2020-08-23 14:36:44 INFO] Running AutoCompaction...
[2020-08-23 14:42:44 INFO] Running AutoCompaction...
[2020-08-23 14:48:44 INFO] Running AutoCompaction...
[2020-08-23 14:51:30 INFO] Player connected: Platinum49, xuid: 2535410307157767
[2020-08-23 15:02:38 INFO] Player disconnected: Platinum49, xuid: 2535410307157767
[2020-08-23 15:08:47 INFO] Running AutoCompaction...
[2020-08-23 15:14:47 INFO] Running AutoCompaction...
[2020-08-23 15:20:47 INFO] Running AutoCompaction...
[2020-08-23 15:26:47 INFO] Running AutoCompaction...
[2020-08-23 15:32:47 INFO] Running AutoCompaction...
[2020-08-23 15:38:47 INFO] Running AutoCompaction...
[2020-08-23 15:44:47 INFO] Running AutoCompaction...
[2020-08-23 15:50:47 INFO] Running AutoCompaction...
[2020-08-23 15:56:33 INFO] Player connected: Platinum49, xuid: 2535410307157767
[2020-08-23 15:56:47 INFO] Running AutoCompaction...
[2020-08-23 16:33:00 INFO] Player disconnected: Platinum49, xuid: 2535410307157767
[2020-08-23 16:38:53 INFO] Running AutoCompaction...
[2020-08-23 16:44:53 INFO] Running AutoCompaction...
[2020-08-23 16:50:53 INFO] Running AutoCompaction...
[2020-08-23 16:56:53 INFO] Running AutoCompaction...
[2020-08-23 17:02:53 INFO] Running AutoCompaction...
[2020-08-23 17:08:53 INFO] Running AutoCompaction...
[2020-08-23 17:14:54 INFO] Running AutoCompaction...
